#
# There is insufficient memory for the Java Runtime Environment to continue.
# Native memory allocation (mmap) failed to map 268435456 bytes for Failed to commit area from 0x0000000701200000 to 0x0000000711200000 of length 268435456.
# Possible reasons:
#   The system is out of physical RAM or swap space
#   The process is running with CompressedOops enabled, and the Java Heap may be blocking the growth of the native heap
# Possible solutions:
#   Reduce memory load on the system
#   Increase physical memory or swap space
#   Check if swap backing store is full
#   Decrease Java heap size (-Xmx/-Xms)
#   Decrease number of Java threads
#   Decrease Java thread stack sizes (-Xss)
#   Set larger code cache with -XX:ReservedCodeCacheSize=
# This output file may be truncated or incomplete.
#
#  Out of Memory Error (./src/hotspot/os/windows/os_windows.cpp:3380), pid=16620, tid=8060
#
# JRE version:  (11.0.12+7) (build )
# Java VM: OpenJDK 64-Bit Server VM (11.0.12+7, mixed mode, sharing, tiered, compressed oops, g1 gc, windows-amd64)
# No core dump will be written. Minidumps are not enabled by default on client versions of Windows
#

---------------  S U M M A R Y ------------

Command Line: 

Host: Intel(R) Core(TM) i5-10400F CPU @ 2.90GHz, 12 cores, 15G,  Windows 10 , 64 bit Build 22000 (10.0.22000.434)
Time: Sat Apr 16 17:21:28 2022 RTZ 2 (зима) elapsed time: 0.006172 seconds (0d 0h 0m 0s)

---------------  T H R E A D  ---------------

Current thread (0x0000021de815c800):  JavaThread "Unknown thread" [_thread_in_vm, id=8060, stack(0x00000026ef900000,0x00000026efa00000)]

Stack: [0x00000026ef900000,0x00000026efa00000]
Native frames: (J=compiled Java code, j=interpreted, Vv=VM code, C=native code)
V  [jvm.dll+0x6090fa]
V  [jvm.dll+0x79229e]
V  [jvm.dll+0x79396f]
V  [jvm.dll+0x794033]
V  [jvm.dll+0x24bed8]
V  [jvm.dll+0x60624a]
V  [jvm.dll+0x5facf5]
V  [jvm.dll+0x303b5c]
V  [jvm.dll+0x3039e2]
V  [jvm.dll+0x308706]
V  [jvm.dll+0x34d5cf]
V  [jvm.dll+0x34d000]
V  [jvm.dll+0x2e0c68]
V  [jvm.dll+0x2e1dc6]
V  [jvm.dll+0x76d627]
V  [jvm.dll+0x76edaf]
V  [jvm.dll+0x35a359]
V  [jvm.dll+0x750710]
V  [jvm.dll+0x3c1f8f]
V  [jvm.dll+0x3c4461]
C  [jli.dll+0x5207]
C  [ucrtbase.dll+0x26c0c]
C  [KERNEL32.DLL+0x154e0]
C  [ntdll.dll+0x485b]


---------------  P R O C E S S  ---------------

Threads class SMR info:
_java_thread_list=0x0000021de5eb4020, length=0, elements={
}

Java Threads: ( => current thread )

Other Threads:
  0x0000021de8174000 GCTaskThread "GC Thread#0" [stack: 0x00000026efa00000,0x00000026efb00000] [id=16028]
  0x0000021de81d2800 ConcurrentGCThread "G1 Main Marker" [stack: 0x00000026efb00000,0x00000026efc00000] [id=21780]
  0x0000021de81d6000 ConcurrentGCThread "G1 Conc#0" [stack: 0x00000026efc00000,0x00000026efd00000] [id=20076]

[error occurred during error reporting (printing all threads), id 0xc0000005, EXCEPTION_ACCESS_VIOLATION (0xc0000005) at pc=0x00007ffd36b50337]

VM state:not at safepoint (not fully initialized)

VM Mutex/Monitor currently owned by a thread:  ([mutex/lock_event])
[0x0000021de8158ca0] Heap_lock - owner thread: 0x0000021de815c800

Heap address: 0x0000000701200000, size: 4078 MB, Compressed Oops mode: Non-zero based: 0x0000000701200000
Narrow klass base: 0x0000000000000000, Narrow klass shift: 0

GC Heap History (0 events):
No events

Deoptimization events (0 events):
No events

Classes redefined (0 events):
No events

Internal exceptions (0 events):
No events

Events (1 events):
Event: 0.004 Loaded shared library C:\Program Files\Microsoft\jdk-11.0.12.7-hotspot\bin\zip.dll


Dynamic libraries:
0x00007ff67e040000 - 0x00007ff67e04d000 	C:\Program Files\Microsoft\jdk-11.0.12.7-hotspot\bin\java.exe
0x00007ffe3da80000 - 0x00007ffe3dc89000 	C:\WINDOWS\SYSTEM32\ntdll.dll
0x00007ffe3c860000 - 0x00007ffe3c91d000 	C:\WINDOWS\System32\KERNEL32.DLL
0x00007ffe3af70000 - 0x00007ffe3b2e4000 	C:\WINDOWS\System32\KERNELBASE.dll
0x00007ffe3b440000 - 0x00007ffe3b551000 	C:\WINDOWS\System32\ucrtbase.dll
0x00007ffd5b3c0000 - 0x00007ffd5b3d7000 	C:\Program Files\Microsoft\jdk-11.0.12.7-hotspot\bin\jli.dll
0x00007ffd50b60000 - 0x00007ffd50b75000 	C:\Program Files\Microsoft\jdk-11.0.12.7-hotspot\bin\VCRUNTIME140.dll
0x00007ffe3ca10000 - 0x00007ffe3cbbc000 	C:\WINDOWS\System32\USER32.dll
0x00007ffe1d8b0000 - 0x00007ffe1db55000 	C:\WINDOWS\WinSxS\amd64_microsoft.windows.common-controls_6595b64144ccf1df_6.0.22000.120_none_9d947278b86cc467\COMCTL32.dll
0x00007ffe3b410000 - 0x00007ffe3b436000 	C:\WINDOWS\System32\win32u.dll
0x00007ffe3d5f0000 - 0x00007ffe3d693000 	C:\WINDOWS\System32\msvcrt.dll
0x00007ffe3d810000 - 0x00007ffe3d839000 	C:\WINDOWS\System32\GDI32.dll
0x00007ffe3b2f0000 - 0x00007ffe3b402000 	C:\WINDOWS\System32\gdi32full.dll
0x00007ffe3b800000 - 0x00007ffe3b89d000 	C:\WINDOWS\System32\msvcp_win.dll
0x00007ffe3d6a0000 - 0x00007ffe3d6d1000 	C:\WINDOWS\System32\IMM32.DLL
0x00007ffd3ae50000 - 0x00007ffd3aeeb000 	C:\Program Files\Microsoft\jdk-11.0.12.7-hotspot\bin\msvcp140.dll
0x00007ffd36860000 - 0x00007ffd373c1000 	C:\Program Files\Microsoft\jdk-11.0.12.7-hotspot\bin\server\jvm.dll
0x00007ffe3ba00000 - 0x00007ffe3baae000 	C:\WINDOWS\System32\ADVAPI32.dll
0x00007ffe3cbc0000 - 0x00007ffe3cc5e000 	C:\WINDOWS\System32\sechost.dll
0x00007ffe3c6e0000 - 0x00007ffe3c800000 	C:\WINDOWS\System32\RPCRT4.dll
0x00007ffe3d800000 - 0x00007ffe3d808000 	C:\WINDOWS\System32\PSAPI.DLL
0x00007ffe369b0000 - 0x00007ffe369b9000 	C:\WINDOWS\SYSTEM32\WSOCK32.dll
0x00007ffe32d40000 - 0x00007ffe32d73000 	C:\WINDOWS\SYSTEM32\WINMM.dll
0x00007ffe35b60000 - 0x00007ffe35b6a000 	C:\WINDOWS\SYSTEM32\VERSION.dll
0x00007ffe3c110000 - 0x00007ffe3c17f000 	C:\WINDOWS\System32\WS2_32.dll
0x00007ffe3a160000 - 0x00007ffe3a178000 	C:\WINDOWS\SYSTEM32\kernel.appcore.dll
0x00007ffd69c20000 - 0x00007ffd69c30000 	C:\Program Files\Microsoft\jdk-11.0.12.7-hotspot\bin\verify.dll
0x00007ffe2a3b0000 - 0x00007ffe2a5d1000 	C:\WINDOWS\SYSTEM32\DBGHELP.DLL
0x00007ffe1b750000 - 0x00007ffe1b781000 	C:\WINDOWS\SYSTEM32\dbgcore.DLL
0x00007ffe3b8a0000 - 0x00007ffe3b91f000 	C:\WINDOWS\System32\bcryptPrimitives.dll
0x00007ffd47cd0000 - 0x00007ffd47cf8000 	C:\Program Files\Microsoft\jdk-11.0.12.7-hotspot\bin\java.dll
0x00007ffd69740000 - 0x00007ffd6974a000 	C:\Program Files\Microsoft\jdk-11.0.12.7-hotspot\bin\jimage.dll
0x00007ffd50ad0000 - 0x00007ffd50ae7000 	C:\Program Files\Microsoft\jdk-11.0.12.7-hotspot\bin\zip.dll

dbghelp: loaded successfully - version: 4.0.5 - missing functions: none
symbol engine: initialized successfully - sym options: 0x614 - pdb path: .;C:\Program Files\Microsoft\jdk-11.0.12.7-hotspot\bin;C:\WINDOWS\SYSTEM32;C:\WINDOWS\WinSxS\amd64_microsoft.windows.common-controls_6595b64144ccf1df_6.0.22000.120_none_9d947278b86cc467;C:\Program Files\Microsoft\jdk-11.0.12.7-hotspot\bin\server

VM Arguments:
java_command: <unknown>
java_class_path (initial): <not set>
Launcher Type: SUN_STANDARD

[Global flags]
     intx CICompilerCount                          = 4                                         {product} {ergonomic}
     uint ConcGCThreads                            = 3                                         {product} {ergonomic}
     uint G1ConcRefinementThreads                  = 10                                        {product} {ergonomic}
   size_t G1HeapRegionSize                         = 1048576                                   {product} {ergonomic}
    uintx GCDrainStackTargetSize                   = 64                                        {product} {ergonomic}
   size_t InitialHeapSize                          = 268435456                                 {product} {ergonomic}
   size_t MarkStackSize                            = 4194304                                   {product} {ergonomic}
   size_t MaxHeapSize                              = 4276092928                                {product} {ergonomic}
   size_t MinHeapDeltaBytes                        = 1048576                                   {product} {ergonomic}
    uintx NonNMethodCodeHeapSize                   = 5836300                                {pd product} {ergonomic}
    uintx NonProfiledCodeHeapSize                  = 122910970                              {pd product} {ergonomic}
    uintx ProfiledCodeHeapSize                     = 122910970                              {pd product} {ergonomic}
    uintx ReservedCodeCacheSize                    = 251658240                              {pd product} {ergonomic}
     bool SegmentedCodeCache                       = true                                      {product} {ergonomic}
     bool UseCompressedClassPointers               = true                                 {lp64_product} {ergonomic}
     bool UseCompressedOops                        = true                                 {lp64_product} {ergonomic}
     bool UseG1GC                                  = true                                      {product} {ergonomic}
     bool UseLargePagesIndividualAllocation        = false                                  {pd product} {ergonomic}

Logging:
Log output configuration:
 #0: stdout all=warning uptime,level,tags
 #1: stderr all=off uptime,level,tags

Environment Variables:
PATH=C:\Program Files\Java\jdk-17.0.2\bin;C:\Program Files\Common Files\Oracle\Java\javapath;C:\Program Files (x86)\Common Files\Oracle\Java\javapath;C:\Program Files\Microsoft\jdk-11.0.12.7-hotspot\bin;C:\WINDOWS\system32;C:\WINDOWS;C:\WINDOWS\System32\Wbem;C:\WINDOWS\System32\WindowsPowerShell\v1.0\;C:\WINDOWS\System32\OpenSSH\;C:\Program Files (x86)\Microsoft SQL Server\150\DTS\Binn\;C:\Program Files\Azure Data Studio\bin;C:\Program Files\Git\cmd;C:\Program Files\dotnet\;C:\Program Files\Microsoft SQL Server\Client SDK\ODBC\170\Tools\Binn\;C:\Program Files\WireGuard\;C:\Program Files\Microsoft SQL Server\150\Tools\Binn\;C:\Program Files\Cloudflare\Cloudflare WARP\;C:\Program Files\NVIDIA Corporation\NVIDIA NvDLISR;C:\Program Files (x86)\NVIDIA Corporation\PhysX\Common;C:\Program Files (x86)\Microsoft SQL Server\150\Tools\Binn\;C:\Program Files\Microsoft SQL Server\150\DTS\Binn\;C:\Users\denni\.cargo\bin;C:\Users\denni\AppData\Local\Programs\Python\Python310\Scripts\;C:\Users\denni\AppData\Local\Programs\Python\Python310\;C:\Users\denni\AppData\Local\Microsoft\WindowsApps;C:\Users\denni\AppData\Local\Programs\Microsoft VS Code\bin;C:\Program Files\JetBrains\JetBrains Rider 2021.3.3\bin;C:\Program Files\JetBrains\CLion 2021.3.3\bin;C:\Program Files\JetBrains\DataGrip 2021.3.4\bin;C:\MinGW\bin;C:\Users\denni\.dotnet\tools
USERNAME=denni
OS=Windows_NT
PROCESSOR_IDENTIFIER=Intel64 Family 6 Model 165 Stepping 3, GenuineIntel



---------------  S Y S T E M  ---------------

OS: Windows 10 , 64 bit Build 22000 (10.0.22000.434)
OS uptime: 0 days 7:29 hours

CPU:total 12 (initial active 12) (6 cores per cpu, 2 threads per core) family 6 model 165 stepping 3 microcode 0xea, cmov, cx8, fxsr, mmx, sse, sse2, sse3, ssse3, sse4.1, sse4.2, popcnt, avx, avx2, aes, clmul, erms, 3dnowpref, lzcnt, ht, tsc, tscinvbit, bmi1, bmi2, adx, fma

Memory: 4k page, system-wide physical 16311M (2422M free)
TotalPageFile size 18359M (AvailPageFile size 179M)
current process WorkingSet (physical memory assigned to process): 10M, peak: 10M
current process commit charge ("private bytes"): 64M, peak: 320M

vm_info: OpenJDK 64-Bit Server VM (11.0.12+7) for windows-amd64 JRE (11.0.12+7), built on Jul 21 2021 15:41:43 by "" with unknown MS VC++:1916

END.
